<?xml version="1.0" encoding="UTF-8"?>
<testng-results ignored="0" total="3" passed="3" failed="0" skipped="0">
  <reporter-output>
  </reporter-output>
  <suite started-at="2023-11-08T11:37:16 IST" name="Gradle suite" finished-at="2023-11-08T11:37:48 IST" duration-ms="32272">
    <groups>
    </groups>
    <test started-at="2023-11-08T11:37:16 IST" name="Gradle test" finished-at="2023-11-08T11:37:48 IST" duration-ms="32272">
      <class name="qtriptest.tests.testCase_01">
        <test-method is-config="true" signature="createDriver()[pri:0, instance:qtriptest.tests.testCase_01@4738a206]" started-at="2023-11-08T11:37:12 IST" name="createDriver" finished-at="2023-11-08T11:37:16 IST" duration-ms="3543" status="PASS">
          <reporter-output>
          </reporter-output>
        </test-method> <!-- createDriver -->
        <test-method signature="TestCase01(java.lang.String,java.lang.String)[pri:0, instance:qtriptest.tests.testCase_01@4738a206]" started-at="2023-11-08T11:37:17 IST" name="TestCase01" data-provider="DatasetsforQTrip" finished-at="2023-11-08T11:37:28 IST" duration-ms="10492" status="PASS">
          <params>
            <param index="0">
              <value>
                <![CDATA[testuser@gmail.com]]>
              </value>
            </param>
            <param index="1">
              <value>
                <![CDATA[abc@123]]>
              </value>
            </param>
          </params>
          <reporter-output>
          </reporter-output>
        </test-method> <!-- TestCase01 -->
        <test-method signature="TestCase01(java.lang.String,java.lang.String)[pri:0, instance:qtriptest.tests.testCase_01@4738a206]" started-at="2023-11-08T11:37:28 IST" name="TestCase01" data-provider="DatasetsforQTrip" finished-at="2023-11-08T11:37:38 IST" duration-ms="10183" status="PASS">
          <params>
            <param index="0">
              <value>
                <![CDATA[TESTUSER@gmail.com]]>
              </value>
            </param>
            <param index="1">
              <value>
                <![CDATA[123456.0]]>
              </value>
            </param>
          </params>
          <reporter-output>
          </reporter-output>
        </test-method> <!-- TestCase01 -->
        <test-method signature="TestCase01(java.lang.String,java.lang.String)[pri:0, instance:qtriptest.tests.testCase_01@4738a206]" started-at="2023-11-08T11:37:38 IST" name="TestCase01" data-provider="DatasetsforQTrip" finished-at="2023-11-08T11:37:48 IST" duration-ms="10072" status="PASS">
          <params>
            <param index="0">
              <value>
                <![CDATA[123_USER_low@gmail.com]]>
              </value>
            </param>
            <param index="1">
              <value>
                <![CDATA[QWERTY!!!!]]>
              </value>
            </param>
          </params>
          <reporter-output>
          </reporter-output>
        </test-method> <!-- TestCase01 -->
      </class> <!-- qtriptest.tests.testCase_01 -->
    </test> <!-- Gradle test -->
  </suite> <!-- Gradle suite -->
</testng-results>
